Using pre-set license
Built from '2022.3/staging' branch; Version is '2022.3.19f1 (244b723c30a6) revision 2378610'; Using compiler version '192829333'; Build Type 'Release'
OS: 'Windows 11  (10.0.22631) 64bit Core' Language: 'en' Physical Memory: 32435 MB
BatchMode: 1, IsHumanControllingUs: 0, StartBugReporterOnCrash: 0, Is64bit: 1, IsPro: 1

COMMAND LINE ARGUMENTS:
C:\Program Files\Unity\Hub\Editor\2022.3.19f1\Editor\Unity.exe
-adb2
-batchMode
-noUpm
-name
AssetImportWorker0
-projectPath
C:/Users/14253/jungle/Personal/Unity/drone_simulator/DroneSim
-logFile
Logs/AssetImportWorker0.log
-srvPort
61891
Successfully changed project path to: C:/Users/14253/jungle/Personal/Unity/drone_simulator/DroneSim
C:/Users/14253/jungle/Personal/Unity/drone_simulator/DroneSim
[UnityMemory] Configuration Parameters - Can be set up in boot.config
    "memorysetup-bucket-allocator-granularity=16"
    "memorysetup-bucket-allocator-bucket-count=8"
    "memorysetup-bucket-allocator-block-size=33554432"
    "memorysetup-bucket-allocator-block-count=8"
    "memorysetup-main-allocator-block-size=16777216"
    "memorysetup-thread-allocator-block-size=16777216"
    "memorysetup-gfx-main-allocator-block-size=16777216"
    "memorysetup-gfx-thread-allocator-block-size=16777216"
    "memorysetup-cache-allocator-block-size=4194304"
    "memorysetup-typetree-allocator-block-size=2097152"
    "memorysetup-profiler-bucket-allocator-granularity=16"
    "memorysetup-profiler-bucket-allocator-bucket-count=8"
    "memorysetup-profiler-bucket-allocator-block-size=33554432"
    "memorysetup-profiler-bucket-allocator-block-count=8"
    "memorysetup-profiler-allocator-block-size=16777216"
    "memorysetup-profiler-editor-allocator-block-size=1048576"
    "memorysetup-temp-allocator-size-main=16777216"
    "memorysetup-job-temp-allocator-block-size=2097152"
    "memorysetup-job-temp-allocator-block-size-background=1048576"
    "memorysetup-job-temp-allocator-reduction-small-platforms=262144"
    "memorysetup-allocator-temp-initial-block-size-main=262144"
    "memorysetup-allocator-temp-initial-block-size-worker=262144"
    "memorysetup-temp-allocator-size-background-worker=32768"
    "memorysetup-temp-allocator-size-job-worker=262144"
    "memorysetup-temp-allocator-size-preload-manager=33554432"
    "memorysetup-temp-allocator-size-nav-mesh-worker=65536"
    "memorysetup-temp-allocator-size-audio-worker=65536"
    "memorysetup-temp-allocator-size-cloud-worker=32768"
    "memorysetup-temp-allocator-size-gi-baking-worker=262144"
    "memorysetup-temp-allocator-size-gfx=262144"
Player connection [496] Host "[IP] 192.168.1.100 [Port] 0 [Flags] 2 [Guid] 2304879266 [EditorId] 2304879266 [Version] 1048832 [Id] WindowsEditor(7,ohman) [Debug] 1 [PackageName] WindowsEditor [ProjectName] Editor" joined multi-casting on [225.0.0.222:54997]...

Player connection [496] Host "[IP] 192.168.1.100 [Port] 0 [Flags] 2 [Guid] 2304879266 [EditorId] 2304879266 [Version] 1048832 [Id] WindowsEditor(7,ohman) [Debug] 1 [PackageName] WindowsEditor [ProjectName] Editor" joined alternative multi-casting on [225.0.0.222:34997]...

[Physics::Module] Initialized MultithreadedJobDispatcher with 19 workers.
Refreshing native plugins compatible for Editor in 8.64 ms, found 3 plugins.
Preloading 0 native plugins for Editor in 0.00 ms.
Initialize engine version: 2022.3.19f1 (244b723c30a6)
[Subsystems] Discovering subsystems at path C:/Program Files/Unity/Hub/Editor/2022.3.19f1/Editor/Data/Resources/UnitySubsystems
[Subsystems] Discovering subsystems at path C:/Users/14253/jungle/Personal/Unity/drone_simulator/DroneSim/Assets
GfxDevice: creating device client; threaded=0; jobified=0
Direct3D:
    Version:  Direct3D 11.0 [level 11.1]
    Renderer: NVIDIA GeForce RTX 3060 Laptop GPU (ID=0x2520)
    Vendor:   NVIDIA
    VRAM:     5996 MB
    Driver:   32.0.15.6094
Initialize mono
Mono path[0] = 'C:/Program Files/Unity/Hub/Editor/2022.3.19f1/Editor/Data/Managed'
Mono path[1] = 'C:/Program Files/Unity/Hub/Editor/2022.3.19f1/Editor/Data/MonoBleedingEdge/lib/mono/unityjit-win32'
Mono config path = 'C:/Program Files/Unity/Hub/Editor/2022.3.19f1/Editor/Data/MonoBleedingEdge/etc'
Using monoOptions --debugger-agent=transport=dt_socket,embedding=1,server=y,suspend=n,address=127.0.0.1:56852
Begin MonoManager ReloadAssembly
Registering precompiled unity dll's ...
Register platform support module: C:/Program Files/Unity/Hub/Editor/2022.3.19f1/Editor/Data/PlaybackEngines/WebGLSupport/UnityEditor.WebGL.Extensions.dll
Register platform support module: C:/Program Files/Unity/Hub/Editor/2022.3.19f1/Editor/Data/PlaybackEngines/AndroidPlayer/UnityEditor.Android.Extensions.dll
Register platform support module: C:/Program Files/Unity/Hub/Editor/2022.3.19f1/Editor/Data/PlaybackEngines/WindowsStandaloneSupport/UnityEditor.WindowsStandalone.Extensions.dll
Registered in 0.005150 seconds.
- Loaded All Assemblies, in  0.268 seconds
Native extension for WindowsStandalone target not found
Native extension for Android target not found
Android Extension - Scanning For ADB Devices 228 ms
Native extension for WebGL target not found
Mono: successfully reloaded assembly
- Finished resetting the current domain, in  0.489 seconds
Domain Reload Profiling: 756ms
	BeginReloadAssembly (79ms)
		ExecutionOrderSort (0ms)
		DisableScriptedObjects (0ms)
		BackupInstance (0ms)
		ReleaseScriptingObjects (0ms)
		CreateAndSetChildDomain (1ms)
	RebuildCommonClasses (24ms)
	RebuildNativeTypeToScriptingClass (8ms)
	initialDomainReloadingComplete (42ms)
	LoadAllAssembliesAndSetupDomain (114ms)
		LoadAssemblies (78ms)
		RebuildTransferFunctionScriptingTraits (0ms)
		AnalyzeDomain (112ms)
			TypeCache.Refresh (111ms)
				TypeCache.ScanAssembly (101ms)
			ScanForSourceGeneratedMonoScriptInfo (0ms)
			ResolveRequiredComponents (1ms)
	FinalizeReload (489ms)
		ReleaseScriptCaches (0ms)
		RebuildScriptCaches (0ms)
		SetupLoadedEditorAssemblies (448ms)
			LogAssemblyErrors (0ms)
			InitializePlatformSupportModulesInManaged (326ms)
			SetLoadedEditorAssemblies (3ms)
			RefreshPlugins (0ms)
			BeforeProcessingInitializeOnLoad (2ms)
			ProcessInitializeOnLoadAttributes (86ms)
			ProcessInitializeOnLoadMethodAttributes (32ms)
			AfterProcessingInitializeOnLoad (0ms)
			EditorAssembliesLoaded (0ms)
		ExecutionOrderSort2 (0ms)
		AwakeInstancesAfterBackupRestoration (0ms)
========================================================================
Worker process is ready to serve import requests
Begin MonoManager ReloadAssembly
- Loaded All Assemblies, in  0.598 seconds
Refreshing native plugins compatible for Editor in 4.22 ms, found 3 plugins.
Native extension for WindowsStandalone target not found
Native extension for Android target not found
Native extension for WebGL target not found
Package Manager log level set to [2]
[Package Manager] Server::EnsureServerProcessIsRunning -- launch failed, reason: Unity was launched with the -noUpm command-line argument
[Package Manager] UpmClient::Send -- Unable to send message (not connected to UPM process).
[Package Manager] Cannot connect to Unity Package Manager local server
Mono: successfully reloaded assembly
[Package Manager] Server::EnsureServerProcessIsRunning -- launch failed, reason: Unity was launched with the -noUpm command-line argument
[Package Manager] UpmClient::Send -- Unable to send message (not connected to UPM process).
[Package Manager] Cannot connect to Unity Package Manager local server
[Package Manager] Server::EnsureServerProcessIsRunning -- launch failed, reason: Unity was launched with the -noUpm command-line argument
[Package Manager] UpmClient::Send -- Unable to send message (not connected to UPM process).
[Package Manager] Cannot connect to Unity Package Manager local server
- Finished resetting the current domain, in  0.578 seconds
Domain Reload Profiling: 1175ms
	BeginReloadAssembly (109ms)
		ExecutionOrderSort (0ms)
		DisableScriptedObjects (4ms)
		BackupInstance (0ms)
		ReleaseScriptingObjects (0ms)
		CreateAndSetChildDomain (17ms)
	RebuildCommonClasses (25ms)
	RebuildNativeTypeToScriptingClass (11ms)
	initialDomainReloadingComplete (35ms)
	LoadAllAssembliesAndSetupDomain (416ms)
		LoadAssemblies (267ms)
		RebuildTransferFunctionScriptingTraits (0ms)
		AnalyzeDomain (209ms)
			TypeCache.Refresh (180ms)
				TypeCache.ScanAssembly (161ms)
			ScanForSourceGeneratedMonoScriptInfo (23ms)
			ResolveRequiredComponents (4ms)
	FinalizeReload (579ms)
		ReleaseScriptCaches (0ms)
		RebuildScriptCaches (0ms)
		SetupLoadedEditorAssemblies (421ms)
			LogAssemblyErrors (0ms)
			InitializePlatformSupportModulesInManaged (19ms)
			SetLoadedEditorAssemblies (4ms)
			RefreshPlugins (0ms)
			BeforeProcessingInitializeOnLoad (62ms)
			ProcessInitializeOnLoadAttributes (285ms)
			ProcessInitializeOnLoadMethodAttributes (49ms)
			AfterProcessingInitializeOnLoad (3ms)
			EditorAssembliesLoaded (0ms)
		ExecutionOrderSort2 (0ms)
		AwakeInstancesAfterBackupRestoration (5ms)
Launched and connected shader compiler UnityShaderCompiler.exe after 0.03 seconds
Refreshing native plugins compatible for Editor in 5.57 ms, found 3 plugins.
Preloading 0 native plugins for Editor in 0.00 ms.
Unloading 5482 Unused Serialized files (Serialized files now loaded: 0)
Unloading 87 unused Assets / (2.1 MB). Loaded Objects now: 5939.
Memory consumption went from 220.8 MB to 218.7 MB.
Total: 4.213300 ms (FindLiveObjects: 0.430600 ms CreateObjectMapping: 0.193400 ms MarkObjects: 3.234500 ms  DeleteObjects: 0.352900 ms)

AssetImportParameters requested are different than current active one (requested -> active):
  custom:container-demuxer-ogg: 62fdf1f143b41e24485cea50d1cbac27 -> 
  custom:video-codec-MediaFoundation-h265: 746d11721c4dcdbdad8f713fa42b33f4 -> 
  custom:video-decoder-ogg-theora: a1e56fd34408186e4bbccfd4996cb3dc -> 
  custom:framework-win-MediaFoundation: 216162199b28c13a410421893ffa2e32 -> 
  custom:CustomObjectIndexerAttribute: 6d391050e5a25f67b0a2c618074f2cd9 -> 
  custom:container-demuxer-webm: 4f35f7cbe854078d1ac9338744f61a02 -> 
  custom:container-muxer-webm: aa71ff27fc2769a1b78a27578f13a17b -> 
  custom:video-decoder-webm-vp8: 9c59270c3fd7afecdb556c50c9e8de78 -> 
  custom:SearchIndexIgnoredProperties: e643bd26f0fe6173181afceb89e7c659 -> 
  custom:AudioImporter_EditorPlatform: d09bf68614088b80899f8185d706f6e7 -> 
  custom:video-encoder-webm-vp8: eb34c28f22e8b96e1ab97ce403110664 -> 
  custom:audio-decoder-ogg-vorbis: bf7c407c2cedff20999df2af8eb42d56 -> 
  custom:audio-encoder-webm-vorbis: bf7c407c2cedff20999df2af8eb42d56 -> 
========================================================================
Received Prepare
Begin MonoManager ReloadAssembly
- Loaded All Assemblies, in  0.502 seconds
Refreshing native plugins compatible for Editor in 4.86 ms, found 3 plugins.
Native extension for WindowsStandalone target not found
Native extension for Android target not found
Native extension for WebGL target not found
[Package Manager] Server::EnsureServerProcessIsRunning -- launch failed, reason: Unity was launched with the -noUpm command-line argument
[Package Manager] UpmClient::Send -- Unable to send message (not connected to UPM process).
[Package Manager] Cannot connect to Unity Package Manager local server
Mono: successfully reloaded assembly
[Package Manager] Server::EnsureServerProcessIsRunning -- launch failed, reason: Unity was launched with the -noUpm command-line argument
[Package Manager] UpmClient::Send -- Unable to send message (not connected to UPM process).
[Package Manager] Cannot connect to Unity Package Manager local server
- Finished resetting the current domain, in  0.889 seconds
Domain Reload Profiling: 1389ms
	BeginReloadAssembly (136ms)
		ExecutionOrderSort (0ms)
		DisableScriptedObjects (3ms)
		BackupInstance (0ms)
		ReleaseScriptingObjects (0ms)
		CreateAndSetChildDomain (35ms)
	RebuildCommonClasses (31ms)
	RebuildNativeTypeToScriptingClass (9ms)
	initialDomainReloadingComplete (29ms)
	LoadAllAssembliesAndSetupDomain (295ms)
		LoadAssemblies (255ms)
		RebuildTransferFunctionScriptingTraits (0ms)
		AnalyzeDomain (109ms)
			TypeCache.Refresh (82ms)
				TypeCache.ScanAssembly (72ms)
			ScanForSourceGeneratedMonoScriptInfo (21ms)
			ResolveRequiredComponents (5ms)
	FinalizeReload (889ms)
		ReleaseScriptCaches (0ms)
		RebuildScriptCaches (0ms)
		SetupLoadedEditorAssemblies (438ms)
			LogAssemblyErrors (0ms)
			InitializePlatformSupportModulesInManaged (20ms)
			SetLoadedEditorAssemblies (3ms)
			RefreshPlugins (0ms)
			BeforeProcessingInitializeOnLoad (63ms)
			ProcessInitializeOnLoadAttributes (301ms)
			ProcessInitializeOnLoadMethodAttributes (47ms)
			AfterProcessingInitializeOnLoad (3ms)
			EditorAssembliesLoaded (0ms)
		ExecutionOrderSort2 (0ms)
		AwakeInstancesAfterBackupRestoration (4ms)
Refreshing native plugins compatible for Editor in 3.17 ms, found 3 plugins.
Preloading 0 native plugins for Editor in 0.00 ms.
Unloading 5415 Unused Serialized files (Serialized files now loaded: 0)
Unloading 71 unused Assets / (2.2 MB). Loaded Objects now: 5947.
Memory consumption went from 205.2 MB to 203.1 MB.
Total: 3.005700 ms (FindLiveObjects: 0.270800 ms CreateObjectMapping: 0.156800 ms MarkObjects: 2.236500 ms  DeleteObjects: 0.340700 ms)

Prepare: number of updated asset objects reloaded= 0
AssetImportParameters requested are different than current active one (requested -> active):
  custom:container-demuxer-ogg: 62fdf1f143b41e24485cea50d1cbac27 -> 
  custom:video-codec-MediaFoundation-h265: 746d11721c4dcdbdad8f713fa42b33f4 -> 
  custom:video-decoder-ogg-theora: a1e56fd34408186e4bbccfd4996cb3dc -> 
  custom:framework-win-MediaFoundation: 216162199b28c13a410421893ffa2e32 -> 
  custom:CustomObjectIndexerAttribute: 6d391050e5a25f67b0a2c618074f2cd9 -> 
  custom:container-demuxer-webm: 4f35f7cbe854078d1ac9338744f61a02 -> 
  custom:container-muxer-webm: aa71ff27fc2769a1b78a27578f13a17b -> 
  custom:video-decoder-webm-vp8: 9c59270c3fd7afecdb556c50c9e8de78 -> 
  custom:SearchIndexIgnoredProperties: e643bd26f0fe6173181afceb89e7c659 -> 
  custom:AudioImporter_EditorPlatform: d09bf68614088b80899f8185d706f6e7 -> 
  custom:video-encoder-webm-vp8: eb34c28f22e8b96e1ab97ce403110664 -> 
  custom:audio-decoder-ogg-vorbis: bf7c407c2cedff20999df2af8eb42d56 -> 
  custom:audio-encoder-webm-vorbis: bf7c407c2cedff20999df2af8eb42d56 -> 
========================================================================
Received Import Request.
  Time since last request: 507232.014014 seconds.
  path: Assets/Scenes
  artifactKey: Guid(578fafb9d58056f4e99b450f16e059ec) Importer(815301076,1909f56bfc062723c751e8b465ee728b)
Start importing Assets/Scenes using Guid(578fafb9d58056f4e99b450f16e059ec) Importer(815301076,1909f56bfc062723c751e8b465ee728b)  -> (artifact id: '4c74a57e1729d1eaf4b2c13a369a010e') in 0.006049 seconds
Number of updated asset objects reloaded before import = 0
Number of asset objects unloaded after import = 0
========================================================================
Received Import Request.
  Time since last request: 2.487962 seconds.
  path: Assets/Import/scene
  artifactKey: Guid(b1350ae8adc92a748a032a7646d541ea) Importer(815301076,1909f56bfc062723c751e8b465ee728b)
Start importing Assets/Import/scene using Guid(b1350ae8adc92a748a032a7646d541ea) Importer(815301076,1909f56bfc062723c751e8b465ee728b)  -> (artifact id: 'd7045cfba993893f7d15ead5786a6cb5') in 0.000439 seconds
Number of updated asset objects reloaded before import = 0
Number of asset objects unloaded after import = 0
========================================================================
Received Import Request.
  Time since last request: 0.755975 seconds.
  path: Assets/Import/scene/scene.prefab
  artifactKey: Guid(a8f0858cf669b2a4ab6134108254a80c) Importer(815301076,1909f56bfc062723c751e8b465ee728b)
Start importing Assets/Import/scene/scene.prefab using Guid(a8f0858cf669b2a4ab6134108254a80c) Importer(815301076,1909f56bfc062723c751e8b465ee728b)  -> (artifact id: '9389d7a2d1aedb487c0fc0c7fb36ac76') in 0.138349 seconds
Number of updated asset objects reloaded before import = 0
Number of asset objects unloaded after import = 475
========================================================================
Received Import Request.
  Time since last request: 15.368303 seconds.
  path: Assets/Import/scene/meshes
  artifactKey: Guid(03fa5e7fc3e7eee42a99213aed128658) Importer(815301076,1909f56bfc062723c751e8b465ee728b)
Start importing Assets/Import/scene/meshes using Guid(03fa5e7fc3e7eee42a99213aed128658) Importer(815301076,1909f56bfc062723c751e8b465ee728b)  -> (artifact id: '669422cf2a7f28a82e79ba08e28c8e9d') in 0.000735 seconds
Number of updated asset objects reloaded before import = 0
Number of asset objects unloaded after import = 0
========================================================================
Received Import Request.
  Time since last request: 0.818840 seconds.
  path: Assets/Import/scene/meshes/Object_0_0_0.asset
  artifactKey: Guid(d27a21d99be73c84fb835bacb3fd043c) Importer(815301076,1909f56bfc062723c751e8b465ee728b)
Start importing Assets/Import/scene/meshes/Object_0_0_0.asset using Guid(d27a21d99be73c84fb835bacb3fd043c) Importer(815301076,1909f56bfc062723c751e8b465ee728b)  -> (artifact id: '9f21c2ecf05512f6828a9b86508e2980') in 0.028185 seconds
Number of updated asset objects reloaded before import = 0
Number of asset objects unloaded after import = 2
========================================================================
Received Import Request.
  Time since last request: 0.546164 seconds.
  path: Assets/Import/scene/meshes/Object_1_1_0.asset
  artifactKey: Guid(0496f3445ee24cc4f9bc3ed443eb1f57) Importer(815301076,1909f56bfc062723c751e8b465ee728b)
Start importing Assets/Import/scene/meshes/Object_1_1_0.asset using Guid(0496f3445ee24cc4f9bc3ed443eb1f57) Importer(815301076,1909f56bfc062723c751e8b465ee728b)  -> (artifact id: '0711136b4e3a58bf0d59c2c182a0a6c6') in 0.016778 seconds
Number of updated asset objects reloaded before import = 0
Number of asset objects unloaded after import = 2
========================================================================
Received Import Request.
  Time since last request: 1.133735 seconds.
  path: Assets/Import/scene/meshes/Object_2_2_0.asset
  artifactKey: Guid(d89d8eea26852e143b6e983642267d31) Importer(815301076,1909f56bfc062723c751e8b465ee728b)
Start importing Assets/Import/scene/meshes/Object_2_2_0.asset using Guid(d89d8eea26852e143b6e983642267d31) Importer(815301076,1909f56bfc062723c751e8b465ee728b)  -> (artifact id: '61c656b55878180647637893e13c125b') in 0.017703 seconds
Number of updated asset objects reloaded before import = 0
Number of asset objects unloaded after import = 2
========================================================================
Received Import Request.
  Time since last request: 1.450984 seconds.
  path: Assets/Import/scene/meshes/Object_4_4_0.asset
  artifactKey: Guid(864c60385f5abdd45a0596421e05646b) Importer(815301076,1909f56bfc062723c751e8b465ee728b)
Start importing Assets/Import/scene/meshes/Object_4_4_0.asset using Guid(864c60385f5abdd45a0596421e05646b) Importer(815301076,1909f56bfc062723c751e8b465ee728b)  -> (artifact id: 'c2506c0f728460b65816553079c18b80') in 0.019082 seconds
Number of updated asset objects reloaded before import = 0
Number of asset objects unloaded after import = 2
========================================================================
Received Import Request.
  Time since last request: 51.917135 seconds.
  path: Assets/Import/scene/meshes/Object_5_5_0.asset
  artifactKey: Guid(a1bee94cf440b8f4a939adf707a9ac47) Importer(815301076,1909f56bfc062723c751e8b465ee728b)
Start importing Assets/Import/scene/meshes/Object_5_5_0.asset using Guid(a1bee94cf440b8f4a939adf707a9ac47) Importer(815301076,1909f56bfc062723c751e8b465ee728b)  -> (artifact id: 'f35f3bf8fa1e9a044cb60da68b372d40') in 0.023976 seconds
Number of updated asset objects reloaded before import = 0
Number of asset objects unloaded after import = 2
========================================================================
Received Import Request.
  Time since last request: 0.595137 seconds.
  path: Assets/Import/scene/meshes/Object_3_3_0.asset
  artifactKey: Guid(478dd3e8b936d8446b9ff206c6cdcea8) Importer(815301076,1909f56bfc062723c751e8b465ee728b)
Start importing Assets/Import/scene/meshes/Object_3_3_0.asset using Guid(478dd3e8b936d8446b9ff206c6cdcea8) Importer(815301076,1909f56bfc062723c751e8b465ee728b)  -> (artifact id: '4236992908ee221addd45df5954bcfd3') in 0.018284 seconds
Number of updated asset objects reloaded before import = 0
Number of asset objects unloaded after import = 2
========================================================================
Received Import Request.
  Time since last request: 0.722773 seconds.
  path: Assets/Import/scene/meshes/Object_33_33_0.asset
  artifactKey: Guid(0208b50fd83674f4a9fe59f2c84a4a7f) Importer(815301076,1909f56bfc062723c751e8b465ee728b)
Start importing Assets/Import/scene/meshes/Object_33_33_0.asset using Guid(0208b50fd83674f4a9fe59f2c84a4a7f) Importer(815301076,1909f56bfc062723c751e8b465ee728b)  -> (artifact id: '677188c17bfb6509d9953f35652482bd') in 0.026044 seconds
Number of updated asset objects reloaded before import = 0
Number of asset objects unloaded after import = 2
========================================================================
Received Import Request.
  Time since last request: 0.720286 seconds.
  path: Assets/Import/scene/meshes/Object_58_58_0.asset
  artifactKey: Guid(46595f125c71b05479b2816aa325abc5) Importer(815301076,1909f56bfc062723c751e8b465ee728b)
Start importing Assets/Import/scene/meshes/Object_58_58_0.asset using Guid(46595f125c71b05479b2816aa325abc5) Importer(815301076,1909f56bfc062723c751e8b465ee728b)  -> (artifact id: '6a94197c58ae89772dcb7d2244c6ec60') in 0.018029 seconds
Number of updated asset objects reloaded before import = 0
Number of asset objects unloaded after import = 2
========================================================================
Received Import Request.
  Time since last request: 0.756492 seconds.
  path: Assets/Import/scene/meshes/Object_60_60_0.asset
  artifactKey: Guid(668ad0525a9489d43a65d803b34e4dc5) Importer(815301076,1909f56bfc062723c751e8b465ee728b)
Start importing Assets/Import/scene/meshes/Object_60_60_0.asset using Guid(668ad0525a9489d43a65d803b34e4dc5) Importer(815301076,1909f56bfc062723c751e8b465ee728b)  -> (artifact id: 'eb4dd51b04f613fa8e8b6be5b2d4786c') in 0.018005 seconds
Number of updated asset objects reloaded before import = 0
Number of asset objects unloaded after import = 2
========================================================================
Received Import Request.
  Time since last request: 43.268200 seconds.
  path: Assets/Import/scene/meshes/Object_10_10_0.asset
  artifactKey: Guid(12f00216a9c188643941f76d1b7b25e0) Importer(815301076,1909f56bfc062723c751e8b465ee728b)
Start importing Assets/Import/scene/meshes/Object_10_10_0.asset using Guid(12f00216a9c188643941f76d1b7b25e0) Importer(815301076,1909f56bfc062723c751e8b465ee728b)  -> (artifact id: '8b59169fe395517cdb466ccab8bd7a09') in 0.018094 seconds
Number of updated asset objects reloaded before import = 0
Number of asset objects unloaded after import = 2
========================================================================
Received Import Request.
  Time since last request: 0.532723 seconds.
  path: Assets/Import/scene/meshes/Object_18_18_0.asset
  artifactKey: Guid(32d506a0b21f9f148bac0477972decba) Importer(815301076,1909f56bfc062723c751e8b465ee728b)
Start importing Assets/Import/scene/meshes/Object_18_18_0.asset using Guid(32d506a0b21f9f148bac0477972decba) Importer(815301076,1909f56bfc062723c751e8b465ee728b)  -> (artifact id: 'c37cf4c704dfe5b0728765b16d367f79') in 0.017834 seconds
Number of updated asset objects reloaded before import = 0
Number of asset objects unloaded after import = 2
========================================================================
Received Import Request.
  Time since last request: 425.973725 seconds.
  path: Assets/Import/untitled2.obj
  artifactKey: Guid(903e95ae36dba3941b0862a4e3280430) Importer(815301076,1909f56bfc062723c751e8b465ee728b)
Start importing Assets/Import/untitled2.obj using Guid(903e95ae36dba3941b0862a4e3280430) Importer(815301076,1909f56bfc062723c751e8b465ee728b)  -> (artifact id: '00f1733f64d160d86e684f8a6c7b8206') in 0.049378 seconds
Number of updated asset objects reloaded before import = 0
Number of asset objects unloaded after import = 10
========================================================================
Received Import Request.
  Time since last request: 0.844225 seconds.
  path: Assets/Import/untitled.obj
  artifactKey: Guid(008ccfa78b81a28448a94ada482333c8) Importer(815301076,1909f56bfc062723c751e8b465ee728b)
Start importing Assets/Import/untitled.obj using Guid(008ccfa78b81a28448a94ada482333c8) Importer(815301076,1909f56bfc062723c751e8b465ee728b)  -> (artifact id: 'a0f4112fbee6a77220f4cba675d088fe') in 0.032168 seconds
Number of updated asset objects reloaded before import = 0
Number of asset objects unloaded after import = 10
========================================================================
Received Import Request.
  Time since last request: 12.954511 seconds.
  path: Assets/Import/untitled.obj
  artifactKey: Guid(008ccfa78b81a28448a94ada482333c8) Importer(815301076,1909f56bfc062723c751e8b465ee728b)
Start importing Assets/Import/untitled.obj using Guid(008ccfa78b81a28448a94ada482333c8) Importer(815301076,1909f56bfc062723c751e8b465ee728b)  -> (artifact id: '0b92160f8c0a0cfac77bc66ca5ef02eb') in 0.067196 seconds
Number of updated asset objects reloaded before import = 0
Number of asset objects unloaded after import = 10
========================================================================
Received Import Request.
  Time since last request: 6.390287 seconds.
  path: Assets/Import/untitled2.obj
  artifactKey: Guid(903e95ae36dba3941b0862a4e3280430) Importer(815301076,1909f56bfc062723c751e8b465ee728b)
Start importing Assets/Import/untitled2.obj using Guid(903e95ae36dba3941b0862a4e3280430) Importer(815301076,1909f56bfc062723c751e8b465ee728b)  -> (artifact id: 'b9028afb1805085c415236e0696a9e5b') in 0.026079 seconds
Number of updated asset objects reloaded before import = 0
Number of asset objects unloaded after import = 10
========================================================================
Received Import Request.
  Time since last request: 7.303213 seconds.
  path: Assets/Import/untitled.fbx
  artifactKey: Guid(666f4163370b32f4cba3598b91beb511) Importer(815301076,1909f56bfc062723c751e8b465ee728b)
Start importing Assets/Import/untitled.fbx using Guid(666f4163370b32f4cba3598b91beb511) Importer(815301076,1909f56bfc062723c751e8b465ee728b)  -> (artifact id: '110c0e83b1957d2fe08fd1ade3185884') in 0.230016 seconds
Number of updated asset objects reloaded before import = 0
Number of asset objects unloaded after import = 449
========================================================================
Received Import Request.
  Time since last request: 2.417119 seconds.
  path: Assets/Import/untitled.fbx
  artifactKey: Guid(666f4163370b32f4cba3598b91beb511) Importer(815301076,1909f56bfc062723c751e8b465ee728b)
Start importing Assets/Import/untitled.fbx using Guid(666f4163370b32f4cba3598b91beb511) Importer(815301076,1909f56bfc062723c751e8b465ee728b)  -> (artifact id: 'c3723b0a847a7e08edd4f4ab20809ade') in 0.309515 seconds
Number of updated asset objects reloaded before import = 0
Number of asset objects unloaded after import = 449
========================================================================
Received Import Request.
  Time since last request: 5.922807 seconds.
  path: Assets/Import/untitled.fbx
  artifactKey: Guid(666f4163370b32f4cba3598b91beb511) Importer(815301076,1909f56bfc062723c751e8b465ee728b)
Start importing Assets/Import/untitled.fbx using Guid(666f4163370b32f4cba3598b91beb511) Importer(815301076,1909f56bfc062723c751e8b465ee728b)  -> (artifact id: 'b17846a771d4d7c710fd4cd72ce2e936') in 0.321825 seconds
Number of updated asset objects reloaded before import = 0
Number of asset objects unloaded after import = 449
========================================================================
Received Import Request.
  Time since last request: 3.009025 seconds.
  path: Assets/Import/untitled.fbx
  artifactKey: Guid(666f4163370b32f4cba3598b91beb511) Importer(815301076,1909f56bfc062723c751e8b465ee728b)
Start importing Assets/Import/untitled.fbx using Guid(666f4163370b32f4cba3598b91beb511) Importer(815301076,1909f56bfc062723c751e8b465ee728b)  -> (artifact id: '820d341436e6114f727c37ec411df858') in 0.252182 seconds
Number of updated asset objects reloaded before import = 0
Number of asset objects unloaded after import = 449
========================================================================
Received Import Request.
  Time since last request: 7.240996 seconds.
  path: Assets/Import/untitled.fbx
  artifactKey: Guid(666f4163370b32f4cba3598b91beb511) Importer(815301076,1909f56bfc062723c751e8b465ee728b)
Start importing Assets/Import/untitled.fbx using Guid(666f4163370b32f4cba3598b91beb511) Importer(815301076,1909f56bfc062723c751e8b465ee728b)  -> (artifact id: '4aab50765ad095e7862b53165989f026') in 0.321008 seconds
Number of updated asset objects reloaded before import = 0
Number of asset objects unloaded after import = 449
========================================================================
Received Import Request.
  Time since last request: 7.351908 seconds.
  path: Assets/Import/untitled.fbx
  artifactKey: Guid(666f4163370b32f4cba3598b91beb511) Importer(815301076,1909f56bfc062723c751e8b465ee728b)
Start importing Assets/Import/untitled.fbx using Guid(666f4163370b32f4cba3598b91beb511) Importer(815301076,1909f56bfc062723c751e8b465ee728b)  -> (artifact id: 'e027ab298de058f8d214f08c4bfa400d') in 0.351173 seconds
Number of updated asset objects reloaded before import = 0
Number of asset objects unloaded after import = 449
========================================================================
Received Import Request.
  Time since last request: 23.078180 seconds.
  path: Assets/Import/untitled.fbx
  artifactKey: Guid(666f4163370b32f4cba3598b91beb511) Importer(815301076,1909f56bfc062723c751e8b465ee728b)
Start importing Assets/Import/untitled.fbx using Guid(666f4163370b32f4cba3598b91beb511) Importer(815301076,1909f56bfc062723c751e8b465ee728b)  -> (artifact id: '1ffd6284f2e692879f2bbc14bbe0b9d5') in 0.318559 seconds
Number of updated asset objects reloaded before import = 0
Number of asset objects unloaded after import = 449
========================================================================
Received Import Request.
  Time since last request: 135.546571 seconds.
  path: Assets/Import/untitled 1.fbx
  artifactKey: Guid(55b2776c8d018494d92ef17c2db3accb) Importer(815301076,1909f56bfc062723c751e8b465ee728b)
Start importing Assets/Import/untitled 1.fbx using Guid(55b2776c8d018494d92ef17c2db3accb) Importer(815301076,1909f56bfc062723c751e8b465ee728b)  -> (artifact id: 'b46e048d561c54b55222eda9b59a8999') in 0.332719 seconds
Number of updated asset objects reloaded before import = 0
Number of asset objects unloaded after import = 449
========================================================================
Received Import Request.
  Time since last request: 101.933324 seconds.
  path: Assets/Import/scene/scene.prefab
  artifactKey: Guid(a8f0858cf669b2a4ab6134108254a80c) Importer(815301076,1909f56bfc062723c751e8b465ee728b)
Start importing Assets/Import/scene/scene.prefab using Guid(a8f0858cf669b2a4ab6134108254a80c) Importer(815301076,1909f56bfc062723c751e8b465ee728b)  -> (artifact id: '13dfc002d61c436f442c8dcf8962024d') in 0.078287 seconds
Number of updated asset objects reloaded before import = 0
Number of asset objects unloaded after import = 475
========================================================================
Received Import Request.
  Time since last request: 19.727257 seconds.
  path: Assets/Import/scene/meshes/untitled 2.fbx
  artifactKey: Guid(ebb4613bba126ba44b844b7e2fca772f) Importer(815301076,1909f56bfc062723c751e8b465ee728b)
Start importing Assets/Import/scene/meshes/untitled 2.fbx using Guid(ebb4613bba126ba44b844b7e2fca772f) Importer(815301076,1909f56bfc062723c751e8b465ee728b)  -> (artifact id: '35303905a9442121323166c3b493c6b0') in 0.232942 seconds
Number of updated asset objects reloaded before import = 0
Number of asset objects unloaded after import = 449
========================================================================
Received Import Request.
  Time since last request: 1.227168 seconds.
  path: Assets/Import/scene/meshes/factory.fbx
  artifactKey: Guid(ebb4613bba126ba44b844b7e2fca772f) Importer(815301076,1909f56bfc062723c751e8b465ee728b)
Start importing Assets/Import/scene/meshes/factory.fbx using Guid(ebb4613bba126ba44b844b7e2fca772f) Importer(815301076,1909f56bfc062723c751e8b465ee728b)  -> (artifact id: 'c8417501b4415c0232e849f31e3d98d7') in 0.267446 seconds
Number of updated asset objects reloaded before import = 0
Number of asset objects unloaded after import = 449
========================================================================
Received Import Request.
  Time since last request: 15.793774 seconds.
  path: Assets/Scenes/LevelCity.unity
  artifactKey: Guid(adae8de41c1eaf24598da8e6e317614f) Importer(815301076,1909f56bfc062723c751e8b465ee728b)
Start importing Assets/Scenes/LevelCity.unity using Guid(adae8de41c1eaf24598da8e6e317614f) Importer(815301076,1909f56bfc062723c751e8b465ee728b)  -> (artifact id: 'afa831ccc17c154579661b4374a97993') in 0.000795 seconds
Number of updated asset objects reloaded before import = 0
Number of asset objects unloaded after import = 0
========================================================================
Received Import Request.
  Time since last request: 2.245510 seconds.
  path: Assets/Scenes/LevelFactory.unity
  artifactKey: Guid(adae8de41c1eaf24598da8e6e317614f) Importer(815301076,1909f56bfc062723c751e8b465ee728b)
Start importing Assets/Scenes/LevelFactory.unity using Guid(adae8de41c1eaf24598da8e6e317614f) Importer(815301076,1909f56bfc062723c751e8b465ee728b)  -> (artifact id: 'aa5d634ddee3b43f987a5be8c3e13899') in 0.000437 seconds
Number of updated asset objects reloaded before import = 0
Number of asset objects unloaded after import = 0
========================================================================
Received Import Request.
  Time since last request: 8.002862 seconds.
  path: Assets/Scripts/PlayerSettings.cs
  artifactKey: Guid(78a355fb1381465409e81a2cd2880f0b) Importer(815301076,1909f56bfc062723c751e8b465ee728b)
Start importing Assets/Scripts/PlayerSettings.cs using Guid(78a355fb1381465409e81a2cd2880f0b) Importer(815301076,1909f56bfc062723c751e8b465ee728b)  -> (artifact id: 'e03bbffd8d76c7649987c655fa3a3eba') in 0.000456 seconds
Number of updated asset objects reloaded before import = 0
Number of asset objects unloaded after import = 0
========================================================================
Received Import Request.
  Time since last request: 11.710840 seconds.
  path: Assets/Scripts/ConnectToServer.cs
  artifactKey: Guid(7ed41d648675a59418ce405aedd4b083) Importer(815301076,1909f56bfc062723c751e8b465ee728b)
Start importing Assets/Scripts/ConnectToServer.cs using Guid(7ed41d648675a59418ce405aedd4b083) Importer(815301076,1909f56bfc062723c751e8b465ee728b)  -> (artifact id: '5cc6b7466c152145d545616061581171') in 0.000831 seconds
Number of updated asset objects reloaded before import = 0
Number of asset objects unloaded after import = 0
========================================================================
Received Import Request.
  Time since last request: 5.978407 seconds.
  path: Assets/Scripts/CreateAndJoinRooms.cs
  artifactKey: Guid(3f4ba36ced753f54bbec0dea7f1f1ce2) Importer(815301076,1909f56bfc062723c751e8b465ee728b)
Start importing Assets/Scripts/CreateAndJoinRooms.cs using Guid(3f4ba36ced753f54bbec0dea7f1f1ce2) Importer(815301076,1909f56bfc062723c751e8b465ee728b)  -> (artifact id: '40b7a570cfea9778d91fbc7b8c3a8409') in 0.000421 seconds
Number of updated asset objects reloaded before import = 0
Number of asset objects unloaded after import = 0
========================================================================
Received Prepare
Begin MonoManager ReloadAssembly
- Loaded All Assemblies, in  0.428 seconds
Refreshing native plugins compatible for Editor in 5.00 ms, found 3 plugins.
Native extension for WindowsStandalone target not found
Native extension for Android target not found
Native extension for WebGL target not found
[Package Manager] Server::EnsureServerProcessIsRunning -- launch failed, reason: Unity was launched with the -noUpm command-line argument
[Package Manager] UpmClient::Send -- Unable to send message (not connected to UPM process).
[Package Manager] Cannot connect to Unity Package Manager local server
Mono: successfully reloaded assembly
[Package Manager] Server::EnsureServerProcessIsRunning -- launch failed, reason: Unity was launched with the -noUpm command-line argument
[Package Manager] UpmClient::Send -- Unable to send message (not connected to UPM process).
[Package Manager] Cannot connect to Unity Package Manager local server
- Finished resetting the current domain, in  0.918 seconds
Domain Reload Profiling: 1345ms
	BeginReloadAssembly (130ms)
		ExecutionOrderSort (0ms)
		DisableScriptedObjects (3ms)
		BackupInstance (0ms)
		ReleaseScriptingObjects (0ms)
		CreateAndSetChildDomain (37ms)
	RebuildCommonClasses (27ms)
	RebuildNativeTypeToScriptingClass (8ms)
	initialDomainReloadingComplete (25ms)
	LoadAllAssembliesAndSetupDomain (236ms)
		LoadAssemblies (263ms)
		RebuildTransferFunctionScriptingTraits (0ms)
		AnalyzeDomain (35ms)
			TypeCache.Refresh (11ms)
				TypeCache.ScanAssembly (2ms)
			ScanForSourceGeneratedMonoScriptInfo (18ms)
			ResolveRequiredComponents (5ms)
	FinalizeReload (919ms)
		ReleaseScriptCaches (0ms)
		RebuildScriptCaches (0ms)
		SetupLoadedEditorAssemblies (404ms)
			LogAssemblyErrors (0ms)
			InitializePlatformSupportModulesInManaged (22ms)
			SetLoadedEditorAssemblies (4ms)
			RefreshPlugins (0ms)
			BeforeProcessingInitializeOnLoad (64ms)
			ProcessInitializeOnLoadAttributes (265ms)
			ProcessInitializeOnLoadMethodAttributes (46ms)
			AfterProcessingInitializeOnLoad (3ms)
			EditorAssembliesLoaded (0ms)
		ExecutionOrderSort2 (0ms)
		AwakeInstancesAfterBackupRestoration (6ms)
Script is not up to date after domain reload: guid(3f4ba36ced753f54bbec0dea7f1f1ce2) path("Assets/Scripts/CreateAndJoinRooms.cs") state(2)
Refreshing native plugins compatible for Editor in 3.53 ms, found 3 plugins.
Preloading 0 native plugins for Editor in 0.00 ms.
Unloading 5413 Unused Serialized files (Serialized files now loaded: 0)
Unloading 71 unused Assets / (2.2 MB). Loaded Objects now: 5993.
Memory consumption went from 208.1 MB to 205.9 MB.
Total: 3.283800 ms (FindLiveObjects: 0.280700 ms CreateObjectMapping: 0.167500 ms MarkObjects: 2.498000 ms  DeleteObjects: 0.336700 ms)

Prepare: number of updated asset objects reloaded= 0
AssetImportParameters requested are different than current active one (requested -> active):
  custom:container-demuxer-ogg: 62fdf1f143b41e24485cea50d1cbac27 -> 
  custom:video-codec-MediaFoundation-h265: 746d11721c4dcdbdad8f713fa42b33f4 -> 
  custom:video-decoder-ogg-theora: a1e56fd34408186e4bbccfd4996cb3dc -> 
  custom:framework-win-MediaFoundation: 216162199b28c13a410421893ffa2e32 -> 
  custom:CustomObjectIndexerAttribute: 6d391050e5a25f67b0a2c618074f2cd9 -> 
  custom:container-demuxer-webm: 4f35f7cbe854078d1ac9338744f61a02 -> 
  custom:container-muxer-webm: aa71ff27fc2769a1b78a27578f13a17b -> 
  custom:video-decoder-webm-vp8: 9c59270c3fd7afecdb556c50c9e8de78 -> 
  custom:SearchIndexIgnoredProperties: e643bd26f0fe6173181afceb89e7c659 -> 
  custom:AudioImporter_EditorPlatform: d09bf68614088b80899f8185d706f6e7 -> 
  custom:video-encoder-webm-vp8: eb34c28f22e8b96e1ab97ce403110664 -> 
  custom:audio-decoder-ogg-vorbis: bf7c407c2cedff20999df2af8eb42d56 -> 
  custom:audio-encoder-webm-vorbis: bf7c407c2cedff20999df2af8eb42d56 -> 
========================================================================
Received Prepare
Begin MonoManager ReloadAssembly
- Loaded All Assemblies, in  0.374 seconds
Refreshing native plugins compatible for Editor in 3.56 ms, found 3 plugins.
Native extension for WindowsStandalone target not found
Native extension for Android target not found
Native extension for WebGL target not found
[Package Manager] Server::EnsureServerProcessIsRunning -- launch failed, reason: Unity was launched with the -noUpm command-line argument
[Package Manager] UpmClient::Send -- Unable to send message (not connected to UPM process).
[Package Manager] Cannot connect to Unity Package Manager local server
Mono: successfully reloaded assembly
[Package Manager] Server::EnsureServerProcessIsRunning -- launch failed, reason: Unity was launched with the -noUpm command-line argument
[Package Manager] UpmClient::Send -- Unable to send message (not connected to UPM process).
[Package Manager] Cannot connect to Unity Package Manager local server
- Finished resetting the current domain, in  0.799 seconds
Domain Reload Profiling: 1171ms
	BeginReloadAssembly (120ms)
		ExecutionOrderSort (0ms)
		DisableScriptedObjects (3ms)
		BackupInstance (0ms)
		ReleaseScriptingObjects (0ms)
		CreateAndSetChildDomain (28ms)
	RebuildCommonClasses (23ms)
	RebuildNativeTypeToScriptingClass (8ms)
	initialDomainReloadingComplete (19ms)
	LoadAllAssembliesAndSetupDomain (201ms)
		LoadAssemblies (231ms)
		RebuildTransferFunctionScriptingTraits (0ms)
		AnalyzeDomain (30ms)
			TypeCache.Refresh (9ms)
				TypeCache.ScanAssembly (1ms)
			ScanForSourceGeneratedMonoScriptInfo (15ms)
			ResolveRequiredComponents (5ms)
	FinalizeReload (799ms)
		ReleaseScriptCaches (0ms)
		RebuildScriptCaches (0ms)
		SetupLoadedEditorAssemblies (365ms)
			LogAssemblyErrors (0ms)
			InitializePlatformSupportModulesInManaged (18ms)
			SetLoadedEditorAssemblies (3ms)
			RefreshPlugins (0ms)
			BeforeProcessingInitializeOnLoad (59ms)
			ProcessInitializeOnLoadAttributes (236ms)
			ProcessInitializeOnLoadMethodAttributes (46ms)
			AfterProcessingInitializeOnLoad (3ms)
			EditorAssembliesLoaded (0ms)
		ExecutionOrderSort2 (0ms)
		AwakeInstancesAfterBackupRestoration (4ms)
Refreshing native plugins compatible for Editor in 3.39 ms, found 3 plugins.
Preloading 0 native plugins for Editor in 0.00 ms.
Unloading 5415 Unused Serialized files (Serialized files now loaded: 0)
Unloading 71 unused Assets / (2.2 MB). Loaded Objects now: 5998.
Memory consumption went from 210.4 MB to 208.2 MB.
Total: 3.443900 ms (FindLiveObjects: 0.262000 ms CreateObjectMapping: 0.151700 ms MarkObjects: 2.647200 ms  DeleteObjects: 0.381800 ms)

Prepare: number of updated asset objects reloaded= 0
AssetImportParameters requested are different than current active one (requested -> active):
  custom:container-demuxer-ogg: 62fdf1f143b41e24485cea50d1cbac27 -> 
  custom:video-codec-MediaFoundation-h265: 746d11721c4dcdbdad8f713fa42b33f4 -> 
  custom:video-decoder-ogg-theora: a1e56fd34408186e4bbccfd4996cb3dc -> 
  custom:framework-win-MediaFoundation: 216162199b28c13a410421893ffa2e32 -> 
  custom:CustomObjectIndexerAttribute: 6d391050e5a25f67b0a2c618074f2cd9 -> 
  custom:container-demuxer-webm: 4f35f7cbe854078d1ac9338744f61a02 -> 
  custom:container-muxer-webm: aa71ff27fc2769a1b78a27578f13a17b -> 
  custom:video-decoder-webm-vp8: 9c59270c3fd7afecdb556c50c9e8de78 -> 
  custom:SearchIndexIgnoredProperties: e643bd26f0fe6173181afceb89e7c659 -> 
  custom:AudioImporter_EditorPlatform: d09bf68614088b80899f8185d706f6e7 -> 
  custom:video-encoder-webm-vp8: eb34c28f22e8b96e1ab97ce403110664 -> 
  custom:audio-decoder-ogg-vorbis: bf7c407c2cedff20999df2af8eb42d56 -> 
  custom:audio-encoder-webm-vorbis: bf7c407c2cedff20999df2af8eb42d56 -> 
========================================================================
Received Import Request.
  Time since last request: 10.205003 seconds.
  path: Assets/Scripts/CreateAndJoinRooms.cs
  artifactKey: Guid(3f4ba36ced753f54bbec0dea7f1f1ce2) Importer(815301076,1909f56bfc062723c751e8b465ee728b)
Start importing Assets/Scripts/CreateAndJoinRooms.cs using Guid(3f4ba36ced753f54bbec0dea7f1f1ce2) Importer(815301076,1909f56bfc062723c751e8b465ee728b)  -> (artifact id: '415d91c5e62ff3479f40c29273e307d3') in 0.015058 seconds
Number of updated asset objects reloaded before import = 0
Number of asset objects unloaded after import = 0
========================================================================
Received Import Request.
  Time since last request: 107.368554 seconds.
  path: Assets/Scenes/Menu.unity
  artifactKey: Guid(9be96df1ab139a04c818ee899958aa97) Importer(815301076,1909f56bfc062723c751e8b465ee728b)
Start importing Assets/Scenes/Menu.unity using Guid(9be96df1ab139a04c818ee899958aa97) Importer(815301076,1909f56bfc062723c751e8b465ee728b)  -> (artifact id: '5b8f8fe62924821b7acec4e6a1cd9a20') in 0.000656 seconds
Number of updated asset objects reloaded before import = 0
Number of asset objects unloaded after import = 0
========================================================================
Received Import Request.
  Time since last request: 67.764705 seconds.
  path: Assets/Materials/LevelField
  artifactKey: Guid(5b5c6f0a93279a74684bf46d7631706c) Importer(815301076,1909f56bfc062723c751e8b465ee728b)
Start importing Assets/Materials/LevelField using Guid(5b5c6f0a93279a74684bf46d7631706c) Importer(815301076,1909f56bfc062723c751e8b465ee728b)  -> (artifact id: 'fca9a7df577efc4016b8d0318ad14954') in 0.000461 seconds
Number of updated asset objects reloaded before import = 0
Number of asset objects unloaded after import = 0
========================================================================
Received Import Request.
  Time since last request: 68.358563 seconds.
  path: Assets/Meshes/Factory/untitled2.obj
  artifactKey: Guid(74df7432b2a81c44987c53526eeead97) Importer(815301076,1909f56bfc062723c751e8b465ee728b)
Start importing Assets/Meshes/Factory/untitled2.obj using Guid(74df7432b2a81c44987c53526eeead97) Importer(815301076,1909f56bfc062723c751e8b465ee728b)  -> (artifact id: 'f4c657af63be143f8cbc8e439a4b8fec') in 0.090602 seconds
Number of updated asset objects reloaded before import = 0
Number of asset objects unloaded after import = 10
========================================================================
Received Import Request.
  Time since last request: 7.709375 seconds.
  path: Assets/Meshes/Factory/materials
  artifactKey: Guid(cade309f31584464aaa086a771c8c323) Importer(815301076,1909f56bfc062723c751e8b465ee728b)
Start importing Assets/Meshes/Factory/materials using Guid(cade309f31584464aaa086a771c8c323) Importer(815301076,1909f56bfc062723c751e8b465ee728b)  -> (artifact id: 'b41d44296d7064bf636dab8f8bf9eb19') in 0.000615 seconds
Number of updated asset objects reloaded before import = 0
Number of asset objects unloaded after import = 0
========================================================================
Received Import Request.
  Time since last request: 20.693703 seconds.
  path: Assets/Meshes/Factory/FactoryOBJ.obj
  artifactKey: Guid(74df7432b2a81c44987c53526eeead97) Importer(815301076,1909f56bfc062723c751e8b465ee728b)
Start importing Assets/Meshes/Factory/FactoryOBJ.obj using Guid(74df7432b2a81c44987c53526eeead97) Importer(815301076,1909f56bfc062723c751e8b465ee728b)  -> (artifact id: 'f9afcb1de06620b3b3779fc7494aa37c') in 0.051862 seconds
Number of updated asset objects reloaded before import = 0
Number of asset objects unloaded after import = 10
========================================================================
Received Import Request.
  Time since last request: 15.881490 seconds.
  path: Assets/Meshes/Factory/meshes/FactoryFBX'.fbx
  artifactKey: Guid(ebb4613bba126ba44b844b7e2fca772f) Importer(815301076,1909f56bfc062723c751e8b465ee728b)
Start importing Assets/Meshes/Factory/meshes/FactoryFBX'.fbx using Guid(ebb4613bba126ba44b844b7e2fca772f) Importer(815301076,1909f56bfc062723c751e8b465ee728b)  -> (artifact id: '804a93cb615f82efe620b98d3edd492d') in 0.295328 seconds
Number of updated asset objects reloaded before import = 0
Number of asset objects unloaded after import = 449
========================================================================
Received Import Request.
  Time since last request: 1.296233 seconds.
  path: Assets/Meshes/Factory/meshes/FactoryFBX.fbx
  artifactKey: Guid(ebb4613bba126ba44b844b7e2fca772f) Importer(815301076,1909f56bfc062723c751e8b465ee728b)
Start importing Assets/Meshes/Factory/meshes/FactoryFBX.fbx using Guid(ebb4613bba126ba44b844b7e2fca772f) Importer(815301076,1909f56bfc062723c751e8b465ee728b)  -> (artifact id: '101aaef70356cf3fdd4ecabd70a9c052') in 0.329337 seconds
Number of updated asset objects reloaded before import = 0
Number of asset objects unloaded after import = 449
========================================================================
Received Import Request.
  Time since last request: 197.383117 seconds.
  path: Assets/Import/scene
  artifactKey: Guid(05c13a2a8378f864c9c14b4c6c6b5ed0) Importer(815301076,1909f56bfc062723c751e8b465ee728b)
Start importing Assets/Import/scene using Guid(05c13a2a8378f864c9c14b4c6c6b5ed0) Importer(815301076,1909f56bfc062723c751e8b465ee728b)  -> (artifact id: 'f634655ec698e0a7340b360b6c5f0dd3') in 0.000947 seconds
Number of updated asset objects reloaded before import = 0
Number of asset objects unloaded after import = 0
========================================================================
Received Import Request.
  Time since last request: 1.475909 seconds.
  path: Assets/Import/scene/meshes
  artifactKey: Guid(9d480a10109222846b341210de7028b2) Importer(815301076,1909f56bfc062723c751e8b465ee728b)
Start importing Assets/Import/scene/meshes using Guid(9d480a10109222846b341210de7028b2) Importer(815301076,1909f56bfc062723c751e8b465ee728b)  -> (artifact id: 'e5b6a1e92bc4cbc509b8548d06ab3bfc') in 0.000479 seconds
Number of updated asset objects reloaded before import = 0
Number of asset objects unloaded after import = 0
========================================================================
Received Import Request.
  Time since last request: 161.605137 seconds.
  path: Assets/Import/Factory
  artifactKey: Guid(05c13a2a8378f864c9c14b4c6c6b5ed0) Importer(815301076,1909f56bfc062723c751e8b465ee728b)
Start importing Assets/Import/Factory using Guid(05c13a2a8378f864c9c14b4c6c6b5ed0) Importer(815301076,1909f56bfc062723c751e8b465ee728b)  -> (artifact id: '227e1f594b5935903a206f5e8efc59a8') in 0.000536 seconds
Number of updated asset objects reloaded before import = 0
Number of asset objects unloaded after import = 0
========================================================================
Received Import Request.
  Time since last request: 1.664678 seconds.
  path: Assets/Import/Factory/scene.prefab
  artifactKey: Guid(a8f0858cf669b2a4ab6134108254a80c) Importer(815301076,1909f56bfc062723c751e8b465ee728b)
Start importing Assets/Import/Factory/scene.prefab using Guid(a8f0858cf669b2a4ab6134108254a80c) Importer(815301076,1909f56bfc062723c751e8b465ee728b)  -> (artifact id: '6e2474afdfe7e52509cf195d5c003ea6') in 0.070572 seconds
Number of updated asset objects reloaded before import = 0
Number of asset objects unloaded after import = 475
========================================================================
Received Import Request.
  Time since last request: 2.490103 seconds.
  path: Assets/Import/Factory/Factory.prefab
  artifactKey: Guid(a8f0858cf669b2a4ab6134108254a80c) Importer(815301076,1909f56bfc062723c751e8b465ee728b)
Start importing Assets/Import/Factory/Factory.prefab using Guid(a8f0858cf669b2a4ab6134108254a80c) Importer(815301076,1909f56bfc062723c751e8b465ee728b)  -> (artifact id: '346af6a30edc658ee5d523d8d81cce9a') in 0.064879 seconds
Number of updated asset objects reloaded before import = 0
Number of asset objects unloaded after import = 475
========================================================================
Received Import Request.
  Time since last request: 386.677760 seconds.
  path: Assets/Scenes/LevelField.unity
  artifactKey: Guid(9fc0d4010bbf28b4594072e72b8655ab) Importer(815301076,1909f56bfc062723c751e8b465ee728b)
Start importing Assets/Scenes/LevelField.unity using Guid(9fc0d4010bbf28b4594072e72b8655ab) Importer(815301076,1909f56bfc062723c751e8b465ee728b)  -> (artifact id: '5bd51668c27a4626af263befec946162') in 0.001287 seconds
Number of updated asset objects reloaded before import = 0
Number of asset objects unloaded after import = 0
========================================================================
Received Import Request.
  Time since last request: 171.848805 seconds.
  path: Assets/Textures/GrassFlowers/terrainLayerRock.terrainlayer
  artifactKey: Guid(49ea88b77af7f544e8dd520ec9038218) Importer(815301076,1909f56bfc062723c751e8b465ee728b)
Start importing Assets/Textures/GrassFlowers/terrainLayerRock.terrainlayer using Guid(49ea88b77af7f544e8dd520ec9038218) Importer(815301076,1909f56bfc062723c751e8b465ee728b)  -> (artifact id: '912f8f9c87182ce1d4a67fadc2877162') in 0.029506 seconds
Number of updated asset objects reloaded before import = 0
Number of asset objects unloaded after import = 4
========================================================================
Received Import Request.
  Time since last request: 177.001981 seconds.
  path: Assets/Scripts/SettingsCurveEditor.cs
  artifactKey: Guid(4726b80c37e901d4da0fffe28fc0f81f) Importer(815301076,1909f56bfc062723c751e8b465ee728b)
Start importing Assets/Scripts/SettingsCurveEditor.cs using Guid(4726b80c37e901d4da0fffe28fc0f81f) Importer(815301076,1909f56bfc062723c751e8b465ee728b)  -> (artifact id: 'c3f298ac47e6e195b85d1ae57367a652') in 0.000697 seconds
Number of updated asset objects reloaded before import = 0
Number of asset objects unloaded after import = 0
========================================================================
Received Import Request.
  Time since last request: 105.447636 seconds.
  path: Assets/Resources/player.prefab
  artifactKey: Guid(eac259ae3c7986443b0026976d679ed0) Importer(815301076,1909f56bfc062723c751e8b465ee728b)
Start importing Assets/Resources/player.prefab using Guid(eac259ae3c7986443b0026976d679ed0) Importer(815301076,1909f56bfc062723c751e8b465ee728b)  -> (artifact id: 'e063c06fadf93e827b84c26d35a65554') in 0.070054 seconds
Number of updated asset objects reloaded before import = 0
Number of asset objects unloaded after import = 192
========================================================================
Received Import Request.
  Time since last request: 27.025677 seconds.
  path: Assets/Resources/DefaultPlayerSettings.asset
  artifactKey: Guid(aaa5fad8ebc99964284f66c45040e3f8) Importer(815301076,1909f56bfc062723c751e8b465ee728b)
Start importing Assets/Resources/DefaultPlayerSettings.asset using Guid(aaa5fad8ebc99964284f66c45040e3f8) Importer(815301076,1909f56bfc062723c751e8b465ee728b)  -> (artifact id: 'ebacb325e5724d271737cb9dcfe4a457') in 0.001195 seconds
Number of updated asset objects reloaded before import = 0
Number of asset objects unloaded after import = 1
========================================================================
Received Import Request.
  Time since last request: 4.425654 seconds.
  path: Assets/Resources/DefaultPlayerSettings.asset
  artifactKey: Guid(aaa5fad8ebc99964284f66c45040e3f8) Importer(815301076,1909f56bfc062723c751e8b465ee728b)
Start importing Assets/Resources/DefaultPlayerSettings.asset using Guid(aaa5fad8ebc99964284f66c45040e3f8) Importer(815301076,1909f56bfc062723c751e8b465ee728b)  -> (artifact id: '91e91ced09aabda374d86438502207bb') in 0.000901 seconds
Number of updated asset objects reloaded before import = 0
Number of asset objects unloaded after import = 1
========================================================================
Received Prepare
Refreshing native plugins compatible for Editor in 4.56 ms, found 3 plugins.
Preloading 0 native plugins for Editor in 0.00 ms.
Unloading 18 Unused Serialized files (Serialized files now loaded: 0)
Unloading 21 unused Assets / (2.1 MB). Loaded Objects now: 6002.
Memory consumption went from 127.3 MB to 125.1 MB.
Total: 4.013100 ms (FindLiveObjects: 0.333200 ms CreateObjectMapping: 0.226500 ms MarkObjects: 3.045100 ms  DeleteObjects: 0.407000 ms)

Prepare: number of updated asset objects reloaded= 0
AssetImportParameters requested are different than current active one (requested -> active):
  custom:container-demuxer-ogg: 62fdf1f143b41e24485cea50d1cbac27 -> 
  custom:video-codec-MediaFoundation-h265: 746d11721c4dcdbdad8f713fa42b33f4 -> 
  custom:video-decoder-ogg-theora: a1e56fd34408186e4bbccfd4996cb3dc -> 
  custom:framework-win-MediaFoundation: 216162199b28c13a410421893ffa2e32 -> 
  custom:CustomObjectIndexerAttribute: 6d391050e5a25f67b0a2c618074f2cd9 -> 
  custom:container-demuxer-webm: 4f35f7cbe854078d1ac9338744f61a02 -> 
  custom:container-muxer-webm: aa71ff27fc2769a1b78a27578f13a17b -> 
  custom:video-decoder-webm-vp8: 9c59270c3fd7afecdb556c50c9e8de78 -> 
  custom:SearchIndexIgnoredProperties: e643bd26f0fe6173181afceb89e7c659 -> 
  custom:AudioImporter_EditorPlatform: d09bf68614088b80899f8185d706f6e7 -> 
  custom:video-encoder-webm-vp8: eb34c28f22e8b96e1ab97ce403110664 -> 
  custom:audio-decoder-ogg-vorbis: bf7c407c2cedff20999df2af8eb42d56 -> 
  custom:audio-encoder-webm-vorbis: bf7c407c2cedff20999df2af8eb42d56 -> 
TcpMessagingSession - receive error
AssetImportWorkerClient::OnTransportError - code=10054 error=An existing connection was forcibly closed by the remote host.
